<?xml version="1.0" encoding="UTF-8"?>
<testsuite xmlns:xsi="http://www.w3.org/2001/XMLSchema-instance" xsi:noNamespaceSchemaLocation="https://maven.apache.org/surefire/maven-surefire-plugin/xsd/surefire-test-report-3.0.xsd" version="3.0" name="TestSuite" time="16.179" tests="1" errors="0" skipped="0" failures="0">
  <properties>
[...]
</properties>
  <testcase name="feature[QAClickJet Tests](1)" classname="runner.TestRunner" time="15.029">
    <system-out><![CDATA[@tag
Feature: QAClickJet Tests
Given Step
INR
[Select, INR, AED, USD]

  @tag1
  Scenario: Testing Components of DemoQA page                                        &amp#27;[90m# QAClickJet.feature:5&amp#27;[0m
    &amp#27;[32mGiven &amp#27;[0m&amp#27;[32muser navigates to "&amp#27;[0m&amp#27;[32m&amp#27;[1mhttps://rahulshettyacademy.com/dropdownsPractise/&amp#27;[0m&amp#27;[32m" site&amp#27;[0m &amp#27;[90m# HomePageSteps.user_navigates_to_site(String)&amp#27;[0m
    &amp#27;[32mWhen &amp#27;[0m&amp#27;[32muser enters booking details&amp#27;[0m                                                 &amp#27;[90m# HomePageSteps.user_enters_booking_details()&amp#27;[0m
    &amp#27;[32mThen &amp#27;[0m&amp#27;[32mcapture screenshot&amp#27;[0m                                                          &amp#27;[90m# HomePageSteps.capture_screenshot()&amp#27;[0m
    &amp#27;[32mAnd &amp#27;[0m&amp#27;[32mclose browser&amp#27;[0m                                                                &amp#27;[90m# HomePageSteps.close_browser()&amp#27;[0m
]]></system-out>
    <system-err><![CDATA[SLF4J: Failed to load class "org.slf4j.impl.StaticLoggerBinder".
SLF4J: Defaulting to no-operation (NOP) logger implementation
SLF4J: See http://www.slf4j.org/codes.html#StaticLoggerBinder for further details.
Starting ChromeDriver 98.0.4758.102 (273bf7ac8c909cde36982d27f66f3c70846a3718-refs/branch-heads/4758@{#1151}) on port 51863
Only local connections are allowed.
Please see https://chromedriver.chromium.org/security-considerations for suggestions on keeping ChromeDriver safe.
ChromeDriver was started successfully.
Feb 18, 2022 7:07:55 PM org.openqa.selenium.remote.ProtocolHandshake createSession
INFO: Detected dialect: W3C
Feb 18, 2022 7:07:55 PM org.openqa.selenium.devtools.CdpVersionFinder findNearestMatch
WARNING: Unable to find an exact match for CDP version 98, so returning the closest version found: 97
Feb 18, 2022 7:07:55 PM org.openqa.selenium.devtools.CdpVersionFinder findNearestMatch
INFO: Found CDP implementation for version 98 of 97
]]></system-err>
  </testcase>
</testsuite>