<?xml version="1.0" encoding="UTF-8"?>
<testng-results ignored="0" total="1" passed="1" failed="0" skipped="0">
  <reporter-output>
  </reporter-output>
  <suite started-at="2022-02-18T19:07:51 IST" name="BDD Test Suite" finished-at="2022-02-18T19:08:06 IST" duration-ms="15402">
    <groups>
      <group name="cucumber">
        <method signature="TestRunner.feature(cucumber.api.testng.CucumberFeatureWrapper)[pri:0, instance:runner.TestRunner@1ed1993a]" name="feature" class="runner.TestRunner"/>
      </group> <!-- cucumber -->
    </groups>
    <test started-at="2022-02-18T19:07:51 IST" name="Login and Update Profile Test" finished-at="2022-02-18T19:08:06 IST" duration-ms="15402">
      <class name="runner.TestRunner">
        <test-method is-config="true" signature="setUpClass()[pri:0, instance:runner.TestRunner@1ed1993a]" started-at="2022-02-18T19:07:51 IST" name="setUpClass" finished-at="2022-02-18T19:07:51 IST" duration-ms="275" status="PASS">
          <reporter-output>
          </reporter-output>
        </test-method> <!-- setUpClass -->
        <test-method signature="feature(cucumber.api.testng.CucumberFeatureWrapper)[pri:0, instance:runner.TestRunner@1ed1993a]" started-at="2022-02-18T19:07:52 IST" name="feature" description="Runs Cucumber Feature" data-provider="features" finished-at="2022-02-18T19:08:06 IST" duration-ms="14955" status="PASS">
          <params>
            <param index="0">
              <value>
                <![CDATA[QAClickJet Tests]]>
              </value>
            </param>
          </params>
          <reporter-output>
          </reporter-output>
        </test-method> <!-- feature -->
        <test-method is-config="true" signature="tearDownClass()[pri:0, instance:runner.TestRunner@1ed1993a]" started-at="2022-02-18T19:08:06 IST" name="tearDownClass" finished-at="2022-02-18T19:08:06 IST" duration-ms="13" status="PASS">
          <reporter-output>
          </reporter-output>
        </test-method> <!-- tearDownClass -->
      </class> <!-- runner.TestRunner -->
    </test> <!-- Login and Update Profile Test -->
  </suite> <!-- BDD Test Suite -->
</testng-results>
