<?xml version="1.0" encoding="UTF-8"?>
<testng-results skipped="0" failed="0" total="1" passed="1">
  <reporter-output>
  </reporter-output>
  <suite name="Default suite" duration-ms="29169" started-at="2020-03-18T11:03:20Z" finished-at="2020-03-18T11:03:49Z">
    <groups>
      <group name="cucumber">
        <method signature="TestRunner.feature(cucumber.api.testng.CucumberFeatureWrapper)[pri:0, instance:runner.TestRunner@6a41eaa2]" name="feature" class="runner.TestRunner"/>
      </group> <!-- cucumber -->
    </groups>
    <test name="Default test" duration-ms="29169" started-at="2020-03-18T11:03:20Z" finished-at="2020-03-18T11:03:49Z">
      <class name="runner.TestRunner">
        <test-method status="PASS" signature="setUpClass()[pri:0, instance:runner.TestRunner@6a41eaa2]" name="setUpClass" is-config="true" duration-ms="565" started-at="2020-03-18T16:33:20Z" finished-at="2020-03-18T16:33:20Z">
          <reporter-output>
          </reporter-output>
        </test-method> <!-- setUpClass -->
        <test-method status="PASS" signature="feature(cucumber.api.testng.CucumberFeatureWrapper)[pri:0, instance:runner.TestRunner@6a41eaa2]" name="feature" duration-ms="28211" started-at="2020-03-18T16:33:20Z" description="Runs Cucumber Feature" data-provider="features" finished-at="2020-03-18T16:33:49Z">
          <params>
            <param index="0">
              <value>
                <![CDATA[DemoQA Tests]]>
              </value>
            </param>
          </params>
          <reporter-output>
          </reporter-output>
        </test-method> <!-- feature -->
        <test-method status="PASS" signature="tearDownClass()[pri:0, instance:runner.TestRunner@6a41eaa2]" name="tearDownClass" is-config="true" duration-ms="310" started-at="2020-03-18T16:33:49Z" finished-at="2020-03-18T16:33:49Z">
          <reporter-output>
          </reporter-output>
        </test-method> <!-- tearDownClass -->
      </class> <!-- runner.TestRunner -->
    </test> <!-- Default test -->
  </suite> <!-- Default suite -->
</testng-results>
